<?xml version="1.0" encoding="UTF-8"?>
<!-- Generated by org.testng.reporters.JUnitReportReporter -->
<testsuite hostname="DESKTOP-OUI7JLC" failures="0" tests="1" name="GitPractice.FlipkartLogin" time="6.184" errors="0" timestamp="2023-03-24T18:07:31 IST" skipped="0">
  <testcase classname="GitPractice.FlipkartLogin" name="login" time="6.184"/>
  <system-out>
    <![CDATA[login sucessfull flipkaert=================================================================================================
Add Tow Statements]]>
  </system-out>
</testsuite> <!-- GitPractice.FlipkartLogin -->
